#
# There is insufficient memory for the Java Runtime Environment to continue.
# Native memory allocation (malloc) failed to allocate 469856 bytes for Chunk::new
# Possible reasons:
#   The system is out of physical RAM or swap space
#   In 32 bit mode, the process size limit was hit
# Possible solutions:
#   Reduce memory load on the system
#   Increase physical memory or swap space
#   Check if swap backing store is full
#   Use 64 bit Java on a 64 bit OS
#   Decrease Java heap size (-Xmx/-Xms)
#   Decrease number of Java threads
#   Decrease Java thread stack sizes (-Xss)
#   Set larger code cache with -XX:ReservedCodeCacheSize=
# This output file may be truncated or incomplete.
#
#  Out of Memory Error (allocation.cpp:390), pid=7224, tid=6756
#
# JRE version: Java(TM) SE Runtime Environment (8.0_77-b03) (build 1.8.0_77-b03)
# Java VM: Java HotSpot(TM) 64-Bit Server VM (25.77-b03 mixed mode windows-amd64 compressed oops)
# Failed to write core dump. Minidumps are not enabled by default on client versions of Windows
#

---------------  T H R E A D  ---------------

Current thread (0x0000000014a1f800):  JavaThread "C2 CompilerThread0" daemon [_thread_in_native, id=6756, stack(0x0000000016070000,0x0000000016170000)]

Stack: [0x0000000016070000,0x0000000016170000]
[error occurred during error reporting (printing stack bounds), id 0xc0000005]

Native frames: (J=compiled Java code, j=interpreted, Vv=VM code, C=native code)


Current CompileTask:
C2:   3012 1493       4       com.android.dx.ssa.SCCP::simulatePhi (169 bytes)


---------------  P R O C E S S  ---------------

Java Threads: ( => current thread )
  0x00000000165cf000 JavaThread "pool-2-thread-4" [_thread_in_Java, id=4716, stack(0x0000000016d70000,0x0000000016e70000)]
  0x00000000164ba800 JavaThread "pool-3-thread-1" [_thread_blocked, id=10080, stack(0x0000000016a70000,0x0000000016b70000)]
  0x00000000163a8800 JavaThread "Service Thread" daemon [_thread_blocked, id=10976, stack(0x0000000016770000,0x0000000016870000)]
  0x0000000014a26800 JavaThread "C1 CompilerThread2" daemon [_thread_blocked, id=5872, stack(0x0000000016270000,0x0000000016370000)]
  0x0000000014a23800 JavaThread "C2 CompilerThread1" daemon [_thread_in_native, id=1584, stack(0x0000000016170000,0x0000000016270000)]
=>0x0000000014a1f800 JavaThread "C2 CompilerThread0" daemon [_thread_in_native, id=6756, stack(0x0000000016070000,0x0000000016170000)]
  0x0000000014a1c800 JavaThread "Attach Listener" daemon [_thread_blocked, id=1432, stack(0x0000000015f70000,0x0000000016070000)]
  0x0000000014a1b800 JavaThread "Signal Dispatcher" daemon [_thread_blocked, id=9624, stack(0x0000000015e70000,0x0000000015f70000)]
  0x0000000014a0a800 JavaThread "Finalizer" daemon [_thread_blocked, id=2844, stack(0x0000000015c90000,0x0000000015d90000)]
  0x000000000233f000 JavaThread "Reference Handler" daemon [_thread_blocked, id=11252, stack(0x0000000015b90000,0x0000000015c90000)]
  0x0000000002250800 JavaThread "main" [_thread_blocked, id=7124, stack(0x0000000002150000,0x0000000002250000)]

Other Threads:
  0x00000000149e8000 VMThread [stack: 0x0000000015a90000,0x0000000015b90000] [id=8376]
  0x0000000014a3c800 WatcherThread [stack: 0x0000000016870000,0x0000000016970000] [id=10568]

VM state:not at safepoint (normal execution)

VM Mutex/Monitor currently owned by a thread: None

Heap:
 PSYoungGen      total 68096K, used 16846K [0x00000000eab00000, 0x00000000ef000000, 0x0000000100000000)
  eden space 65536K, 21% used [0x00000000eab00000,0x00000000eb8f69e8,0x00000000eeb00000)
  from space 2560K, 99% used [0x00000000eed80000,0x00000000eeffce98,0x00000000ef000000)
  to   space 2560K, 0% used [0x00000000eeb00000,0x00000000eeb00000,0x00000000eed80000)
 ParOldGen       total 44032K, used 28171K [0x00000000c0000000, 0x00000000c2b00000, 0x00000000eab00000)
  object space 44032K, 63% used [0x00000000c0000000,0x00000000c1b82e58,0x00000000c2b00000)
 Metaspace       used 5892K, capacity 6960K, committed 7040K, reserved 1056768K
  class space    used 584K, capacity 616K, committed 640K, reserved 1048576K

Card table byte_map: [0x0000000011710000,0x0000000011920000] byte_map_base: 0x0000000011110000

Marking Bits: (ParMarkBitMap*) 0x0000000055c80600
 Begin Bits: [0x0000000011e80000, 0x0000000012e80000)
 End Bits:   [0x0000000012e80000, 0x0000000013e80000)

Polling page: 0x0000000002040000

CodeCache: size=245760Kb used=6376Kb max_used=6376Kb free=239383Kb
 bounds [0x0000000002350000, 0x00000000029a0000, 0x0000000011350000]
 total_blobs=1748 nmethods=1486 adapters=175
 compilation: enabled

Compilation events (10 events):
Event: 2.968 Thread 0x0000000014a26800 1530 %     3       com.android.dx.ssa.SsaConverter::edgeSplitMoveExceptionsAndResults @ 12 (157 bytes)
Event: 2.971 Thread 0x0000000014a26800 nmethod 1530% 0x0000000002988cd0 code [0x0000000002989060, 0x000000000298adc8]
Event: 2.983 Thread 0x0000000014a26800 1533 %     3       com.android.dx.ssa.SsaConverter::edgeSplitSuccessors @ 45 (98 bytes)
Event: 2.984 Thread 0x0000000014a26800 nmethod 1533% 0x000000000298c190 code [0x000000000298c420, 0x000000000298d388]
Event: 2.984 Thread 0x0000000014a26800 1534       3       com.android.dx.ssa.SsaConverter::edgeSplitSuccessors (98 bytes)
Event: 2.986 Thread 0x0000000014a26800 nmethod 1534 0x000000000298ddd0 code [0x000000000298e040, 0x000000000298ee68]
Event: 3.000 Thread 0x0000000014a26800 1538 %     3       com.android.dx.ssa.LocalVariableExtractor::doit @ 18 (59 bytes)
Event: 3.001 Thread 0x0000000014a26800 nmethod 1538% 0x00000000029852d0 code [0x0000000002985480, 0x0000000002985a08]
Event: 3.002 Thread 0x0000000014a26800 1539       3       com.android.dx.ssa.LocalVariableExtractor::doit (59 bytes)
Event: 3.002 Thread 0x0000000014a26800 nmethod 1539 0x000000000298f810 code [0x000000000298f9c0, 0x000000000298ff08]

GC Heap History (8 events):
Event: 1.062 GC heap before
{Heap before GC invocations=1 (full 0):
 PSYoungGen      total 18944K, used 16384K [0x00000000eab00000, 0x00000000ec000000, 0x0000000100000000)
  eden space 16384K, 100% used [0x00000000eab00000,0x00000000ebb00000,0x00000000ebb00000)
  from space 2560K, 0% used [0x00000000ebd80000,0x00000000ebd80000,0x00000000ec000000)
  to   space 2560K, 0% used [0x00000000ebb00000,0x00000000ebb00000,0x00000000ebd80000)
 ParOldGen       total 44032K, used 0K [0x00000000c0000000, 0x00000000c2b00000, 0x00000000eab00000)
  object space 44032K, 0% used [0x00000000c0000000,0x00000000c0000000,0x00000000c2b00000)
 Metaspace       used 5661K, capacity 6832K, committed 7040K, reserved 1056768K
  class space    used 576K, capacity 616K, committed 640K, reserved 1048576K
Event: 1.076 GC heap after
Heap after GC invocations=1 (full 0):
 PSYoungGen      total 18944K, used 2540K [0x00000000eab00000, 0x00000000ed000000, 0x0000000100000000)
  eden space 16384K, 0% used [0x00000000eab00000,0x00000000eab00000,0x00000000ebb00000)
  from space 2560K, 99% used [0x00000000ebb00000,0x00000000ebd7b0e0,0x00000000ebd80000)
  to   space 2560K, 0% used [0x00000000ecd80000,0x00000000ecd80000,0x00000000ed000000)
 ParOldGen       total 44032K, used 1972K [0x00000000c0000000, 0x00000000c2b00000, 0x00000000eab00000)
  object space 44032K, 4% used [0x00000000c0000000,0x00000000c01ed138,0x00000000c2b00000)
 Metaspace       used 5661K, capacity 6832K, committed 7040K, reserved 1056768K
  class space    used 576K, capacity 616K, committed 640K, reserved 1048576K
}
Event: 1.547 GC heap before
{Heap before GC invocations=2 (full 0):
 PSYoungGen      total 18944K, used 18924K [0x00000000eab00000, 0x00000000ed000000, 0x0000000100000000)
  eden space 16384K, 100% used [0x00000000eab00000,0x00000000ebb00000,0x00000000ebb00000)
  from space 2560K, 99% used [0x00000000ebb00000,0x00000000ebd7b0e0,0x00000000ebd80000)
  to   space 2560K, 0% used [0x00000000ecd80000,0x00000000ecd80000,0x00000000ed000000)
 ParOldGen       total 44032K, used 1972K [0x00000000c0000000, 0x00000000c2b00000, 0x00000000eab00000)
  object space 44032K, 4% used [0x00000000c0000000,0x00000000c01ed138,0x00000000c2b00000)
 Metaspace       used 5738K, capacity 6832K, committed 7040K, reserved 1056768K
  class space    used 577K, capacity 616K, committed 640K, reserved 1048576K
Event: 1.566 GC heap after
Heap after GC invocations=2 (full 0):
 PSYoungGen      total 35328K, used 2551K [0x00000000eab00000, 0x00000000ed000000, 0x0000000100000000)
  eden space 32768K, 0% used [0x00000000eab00000,0x00000000eab00000,0x00000000ecb00000)
  from space 2560K, 99% used [0x00000000ecd80000,0x00000000ecffdcf8,0x00000000ed000000)
  to   space 2560K, 0% used [0x00000000ecb00000,0x00000000ecb00000,0x00000000ecd80000)
 ParOldGen       total 44032K, used 7578K [0x00000000c0000000, 0x00000000c2b00000, 0x00000000eab00000)
  object space 44032K, 17% used [0x00000000c0000000,0x00000000c0766a70,0x00000000c2b00000)
 Metaspace       used 5738K, capacity 6832K, committed 7040K, reserved 1056768K
  class space    used 577K, capacity 616K, committed 640K, reserved 1048576K
}
Event: 1.874 GC heap before
{Heap before GC invocations=3 (full 0):
 PSYoungGen      total 35328K, used 35319K [0x00000000eab00000, 0x00000000ed000000, 0x0000000100000000)
  eden space 32768K, 100% used [0x00000000eab00000,0x00000000ecb00000,0x00000000ecb00000)
  from space 2560K, 99% used [0x00000000ecd80000,0x00000000ecffdcf8,0x00000000ed000000)
  to   space 2560K, 0% used [0x00000000ecb00000,0x00000000ecb00000,0x00000000ecd80000)
 ParOldGen       total 44032K, used 7578K [0x00000000c0000000, 0x00000000c2b00000, 0x00000000eab00000)
  object space 44032K, 17% used [0x00000000c0000000,0x00000000c0766a70,0x00000000c2b00000)
 Metaspace       used 5788K, capacity 6896K, committed 7040K, reserved 1056768K
  class space    used 581K, capacity 616K, committed 640K, reserved 1048576K
Event: 1.890 GC heap after
Heap after GC invocations=3 (full 0):
 PSYoungGen      total 35328K, used 2551K [0x00000000eab00000, 0x00000000ef000000, 0x0000000100000000)
  eden space 32768K, 0% used [0x00000000eab00000,0x00000000eab00000,0x00000000ecb00000)
  from space 2560K, 99% used [0x00000000ecb00000,0x00000000ecd7dd08,0x00000000ecd80000)
  to   space 2560K, 0% used [0x00000000eed80000,0x00000000eed80000,0x00000000ef000000)
 ParOldGen       total 44032K, used 17860K [0x00000000c0000000, 0x00000000c2b00000, 0x00000000eab00000)
  object space 44032K, 40% used [0x00000000c0000000,0x00000000c1171318,0x00000000c2b00000)
 Metaspace       used 5788K, capacity 6896K, committed 7040K, reserved 1056768K
  class space    used 581K, capacity 616K, committed 640K, reserved 1048576K
}
Event: 2.560 GC heap before
{Heap before GC invocations=4 (full 0):
 PSYoungGen      total 35328K, used 35319K [0x00000000eab00000, 0x00000000ef000000, 0x0000000100000000)
  eden space 32768K, 100% used [0x00000000eab00000,0x00000000ecb00000,0x00000000ecb00000)
  from space 2560K, 99% used [0x00000000ecb00000,0x00000000ecd7dd08,0x00000000ecd80000)
  to   space 2560K, 0% used [0x00000000eed80000,0x00000000eed80000,0x00000000ef000000)
 ParOldGen       total 44032K, used 17860K [0x00000000c0000000, 0x00000000c2b00000, 0x00000000eab00000)
  object space 44032K, 40% used [0x00000000c0000000,0x00000000c1171318,0x00000000c2b00000)
 Metaspace       used 5883K, capacity 6960K, committed 7040K, reserved 1056768K
  class space    used 583K, capacity 616K, committed 640K, reserved 1048576K
Event: 2.590 GC heap after
Heap after GC invocations=4 (full 0):
 PSYoungGen      total 68096K, used 2547K [0x00000000eab00000, 0x00000000ef000000, 0x0000000100000000)
  eden space 65536K, 0% used [0x00000000eab00000,0x00000000eab00000,0x00000000eeb00000)
  from space 2560K, 99% used [0x00000000eed80000,0x00000000eeffce98,0x00000000ef000000)
  to   space 2560K, 0% used [0x00000000eeb00000,0x00000000eeb00000,0x00000000eed80000)
 ParOldGen       total 44032K, used 28171K [0x00000000c0000000, 0x00000000c2b00000, 0x00000000eab00000)
  object space 44032K, 63% used [0x00000000c0000000,0x00000000c1b82e58,0x00000000c2b00000)
 Metaspace       used 5883K, capacity 6960K, committed 7040K, reserved 1056768K
  class space    used 583K, capacity 616K, committed 640K, reserved 1048576K
}

Deoptimization events (10 events):
Event: 1.734 Thread 0x0000000016595000 Uncommon trap: reason=unstable_if action=reinterpret pc=0x00000000024c829c method=com.android.dx.rop.cst.Constant.compareTo(Lcom/android/dx/rop/cst/Constant;)I @ 12
Event: 1.751 Thread 0x00000000165d1000 Uncommon trap: reason=unstable_if action=reinterpret pc=0x00000000027da804 method=com.android.dx.rop.code.RegisterSpec.equals(ILcom/android/dx/rop/type/TypeBearer;Lcom/android/dx/rop/code/LocalItem;)Z @ 16
Event: 1.757 Thread 0x0000000016595000 Uncommon trap: reason=unstable_if action=reinterpret pc=0x00000000027e5664 method=com.android.dx.cf.code.Merger.isPossiblyAssignableFrom(Lcom/android/dx/rop/type/TypeBearer;Lcom/android/dx/rop/type/TypeBearer;)Z @ 131
Event: 1.817 Thread 0x0000000016595000 Uncommon trap: reason=unstable_if action=reinterpret pc=0x00000000027cbb10 method=com.android.dx.cf.code.BasicBlocker.addWorkIfNecessary(IZ)V @ 8
Event: 1.872 Thread 0x00000000165d1000 Uncommon trap: reason=class_check action=maybe_recompile pc=0x0000000002844674 method=com.android.dx.cf.code.BaseMachine.getLocalTarget(Z)Lcom/android/dx/rop/code/RegisterSpec; @ 70
Event: 2.008 Thread 0x00000000164b8800 Uncommon trap: reason=class_check action=maybe_recompile pc=0x000000000289cb48 method=com.android.dx.ssa.NormalSsaInsn.accept(Lcom/android/dx/ssa/SsaInsn$Visitor;)V @ 9
Event: 2.008 Thread 0x00000000164b8800 Uncommon trap: reason=class_check action=maybe_recompile pc=0x000000000289cb48 method=com.android.dx.ssa.NormalSsaInsn.accept(Lcom/android/dx/ssa/SsaInsn$Visitor;)V @ 9
Event: 2.009 Thread 0x00000000164b8800 Uncommon trap: reason=class_check action=maybe_recompile pc=0x000000000289cb48 method=com.android.dx.ssa.NormalSsaInsn.accept(Lcom/android/dx/ssa/SsaInsn$Visitor;)V @ 9
Event: 2.009 Thread 0x00000000164b8800 Uncommon trap: reason=class_check action=maybe_recompile pc=0x000000000289cb48 method=com.android.dx.ssa.NormalSsaInsn.accept(Lcom/android/dx/ssa/SsaInsn$Visitor;)V @ 9
Event: 2.010 Thread 0x00000000164b8800 Uncommon trap: reason=class_check action=maybe_recompile pc=0x0000000002892b28 method=com.android.dx.ssa.NormalSsaInsn.accept(Lcom/android/dx/ssa/SsaInsn$Visitor;)V @ 9

Internal exceptions (2 events):
Event: 0.098 Thread 0x0000000002250800 Exception <a 'java/lang/NoSuchMethodError': Method sun.misc.Unsafe.defineClass(Ljava/lang/String;[BII)Ljava/lang/Class; name or signature does not match> (0x00000000eab07cc0) thrown at [D:\re\workspace\8-2-build-windows-amd64-cygwin\jdk8u77\6540\hotspot\srqå‘|Õ:π?
Event: 0.099 Thread 0x0000000002250800 Exception <a 'java/lang/NoSuchMethodError': Method sun.misc.Unsafe.prefetchRead(Ljava/lang/Object;J)V name or signature does not match> (0x00000000eab07fa8) thrown at [D:\re\workspace\8-2-build-windows-amd64-cygwin\jdk8u77\6540\hotspot\src\share\vm\prims\j

Events (10 events):
Event: 2.975 Thread 0x00000000165cf000 DEOPT PACKING pc=0x000000000267514c sp=0x0000000016e6ef20
Event: 2.975 Thread 0x00000000165cf000 DEOPT UNPACKING pc=0x000000000239787f sp=0x0000000016e6ec38 mode 0
Event: 2.979 Thread 0x00000000165cf000 DEOPT PACKING pc=0x000000000267514c sp=0x0000000016e6ef20
Event: 2.979 Thread 0x00000000165cf000 DEOPT UNPACKING pc=0x000000000239787f sp=0x0000000016e6ec38 mode 0
Event: 2.986 Thread 0x00000000165cf000 DEOPT PACKING pc=0x00000000028ec404 sp=0x0000000016e6efd0
Event: 2.986 Thread 0x00000000165cf000 DEOPT UNPACKING pc=0x000000000239787f sp=0x0000000016e6ed40 mode 0
Event: 2.992 Thread 0x00000000165cf000 DEOPT PACKING pc=0x000000000267514c sp=0x0000000016e6ef30
Event: 2.992 Thread 0x00000000165cf000 DEOPT UNPACKING pc=0x000000000239787f sp=0x0000000016e6ec58 mode 0
Event: 3.002 Thread 0x00000000165cf000 DEOPT PACKING pc=0x00000000028ebb3b sp=0x0000000016e6f020
Event: 3.002 Thread 0x00000000165cf000 DEOPT UNPACKING pc=0x000000000239787f sp=0x0000000016e6ed68 mode 0


Dynamic libraries:
0x00007ff6e24c0000 - 0x00007ff6e24f7000 	C:\Program Files\Java\jdk1.8.0_77\bin\java.exe
0x00007ff8676f0000 - 0x00007ff8678b1000 	C:\WINDOWS\SYSTEM32\ntdll.dll
0x00007ff864b00000 - 0x00007ff864bad000 	C:\WINDOWS\system32\KERNEL32.DLL
0x00007ff864850000 - 0x00007ff864a38000 	C:\WINDOWS\system32\KERNELBASE.dll
0x00007ff8661c0000 - 0x00007ff866267000 	C:\WINDOWS\system32\ADVAPI32.dll
0x00007ff866aa0000 - 0x00007ff866b3d000 	C:\WINDOWS\system32\msvcrt.dll
0x00007ff866d00000 - 0x00007ff866d5b000 	C:\WINDOWS\system32\sechost.dll
0x00007ff866980000 - 0x00007ff866a9c000 	C:\WINDOWS\system32\RPCRT4.dll
0x00007ff8662d0000 - 0x00007ff866426000 	C:\WINDOWS\system32\USER32.dll
0x00007ff866e00000 - 0x00007ff866f86000 	C:\WINDOWS\system32\GDI32.dll
0x00007ff859260000 - 0x00007ff8594d4000 	C:\WINDOWS\WinSxS\amd64_microsoft.windows.common-controls_6595b64144ccf1df_6.0.10586.0_none_8c15ae12515e1c22\COMCTL32.dll
0x00007ff866450000 - 0x00007ff8666cd000 	C:\WINDOWS\system32\combase.dll
0x00007ff863e50000 - 0x00007ff863eba000 	C:\WINDOWS\system32\bcryptPrimitives.dll
0x00007ff866d60000 - 0x00007ff866d9b000 	C:\WINDOWS\system32\IMM32.DLL
0x0000000054fb0000 - 0x0000000055082000 	C:\Program Files\Java\jdk1.8.0_77\jre\bin\msvcr100.dll
0x0000000055470000 - 0x0000000055d00000 	C:\Program Files\Java\jdk1.8.0_77\jre\bin\server\jvm.dll
0x00007ff8667a0000 - 0x00007ff8667a8000 	C:\WINDOWS\system32\PSAPI.DLL
0x00007ff862440000 - 0x00007ff862463000 	C:\WINDOWS\SYSTEM32\WINMM.dll
0x00007ff85b410000 - 0x00007ff85b419000 	C:\WINDOWS\SYSTEM32\WSOCK32.dll
0x00007ff85b0e0000 - 0x00007ff85b0ea000 	C:\WINDOWS\SYSTEM32\VERSION.dll
0x00007ff866c90000 - 0x00007ff866cfb000 	C:\WINDOWS\system32\WS2_32.dll
0x00007ff8623e0000 - 0x00007ff86240c000 	C:\WINDOWS\SYSTEM32\WINMMBASE.dll
0x00007ff864aa0000 - 0x00007ff864ae3000 	C:\WINDOWS\system32\cfgmgr32.dll
0x0000000055460000 - 0x000000005546f000 	C:\Program Files\Java\jdk1.8.0_77\jre\bin\verify.dll
0x0000000055430000 - 0x0000000055459000 	C:\Program Files\Java\jdk1.8.0_77\jre\bin\java.dll
0x0000000055410000 - 0x0000000055426000 	C:\Program Files\Java\jdk1.8.0_77\jre\bin\zip.dll
0x00007ff864bb0000 - 0x00007ff86610c000 	C:\WINDOWS\system32\SHELL32.dll
0x00007ff864030000 - 0x00007ff864675000 	C:\WINDOWS\system32\windows.storage.dll
0x00007ff866920000 - 0x00007ff866972000 	C:\WINDOWS\system32\shlwapi.dll
0x00007ff863d90000 - 0x00007ff863d9f000 	C:\WINDOWS\system32\kernel.appcore.dll
0x00007ff863f70000 - 0x00007ff864025000 	C:\WINDOWS\system32\shcore.dll
0x00007ff863d40000 - 0x00007ff863d8b000 	C:\WINDOWS\system32\powrprof.dll
0x00007ff863d20000 - 0x00007ff863d34000 	C:\WINDOWS\system32\profapi.dll

VM Arguments:
jvm_args: -Djava.awt.headless=true -Xmx1024M -Dfile.encoding=windows-1252 -Duser.country=US -Duser.language=en -Duser.variant 
java_command: com.android.dx.command.Main --dex --force-jumbo --num-threads=4 --multi-dex --output C:\Users\Prat\AndroidStudioProjects\ApparelBot2\app\build\intermediates\transforms\dex\debug\folders\1000\5\slice_0 C:\Users\Prat\AndroidStudioProjects\ApparelBot2\app\build\intermediates\transforms\instantRunSlicer\debug\folders\1\5\slice_0
java_class_path (initial): C:\Users\Prat\AppData\Local\Android\sdk\build-tools\23.0.3\lib\dx.jar
Launcher Type: SUN_STANDARD

Environment Variables:
JAVA_HOME=C:\Program Files\Java\jdk1.8.0_77
PATH=C:\ProgramData\Oracle\Java\javapath;C:\MinGW\bin;C:\MinGW;C:\Program Files (x86)\Common Files\Intel\Shared Files\cpp\bin\Intel64;C:\Program Files (x86)\Intel\iCLS Client\;C:\Program Files\Intel\iCLS Client\;C:\WINDOWS\system32;C:\WINDOWS;C:\WINDOWS\System32\Wbem;C:\WINDOWS\System32\WindowsPowerShell\v1.0\;C:\Program Files\Intel\Intel(R) Management Engine Components\DAL;C:\Program Files\Intel\Intel(R) Management Engine Components\IPT;C:\Program Files (x86)\Intel\Intel(R) Management Engine Components\DAL;C:\Program Files (x86)\Intel\Intel(R) Management Engine Components\IPT;C:\Program Files (x86)\Intel\OpenCL SDK\2.0\bin\x86;C:\Program Files (x86)\Intel\OpenCL SDK\2.0\bin\x64;C:\Program Files (x86)\nodejs\;C:\Program Files (x86)\Java\jdk1.7.0_71\bin;C:\Users\Prat\AppData\Roaming\npm
USERNAME=Prat
OS=Windows_NT
PROCESSOR_IDENTIFIER=Intel64 Family 6 Model 58 Stepping 9, GenuineIntel



---------------  S Y S T E M  ---------------

OS: Windows 10.0 , 64 bit Build 10586 (10.0.10586.0)

CPU:total 4 (2 cores per cpu, 2 threads per core) family 6 model 58 stepping 9, cmov, cx8, fxsr, mmx, sse, sse2, sse3, ssse3, sse4.1, sse4.2, popcnt, avx, aes, clmul, erms, ht, tsc, tscinvbit, tscinv

Memory: 4k page, physical 4082972k(139864k free), swap 9202972k(5476k free)

vm_info: Java HotSpot(TM) 64-Bit Server VM (25.77-b03) for windows-amd64 JRE (1.8.0_77-b03), built on Mar 20 2016 22:01:33 by "java_re" with MS VC++ 10.0 (VS2010)

time: Thu Apr 14 00:21:00 2016
elapsed time: 3 seconds (0d 0h 0m 3s)

